<?xml version="1.0" encoding="UTF-8"?>
<testng-results skipped="0" failed="0" ignored="0" total="1" passed="1">
  <reporter-output>
  </reporter-output>
  <suite name="Suite" duration-ms="8421" started-at="2018-09-13T12:37:29Z" finished-at="2018-09-13T12:37:37Z">
    <groups>
    </groups>
    <test name="Test" duration-ms="8421" started-at="2018-09-13T12:37:29Z" finished-at="2018-09-13T12:37:37Z">
      <class name="Job1">
        <test-method status="PASS" signature="invoke()[pri:0, instance:Job1@61443d8f]" name="invoke" duration-ms="8381" started-at="2018-09-13T12:37:29Z" finished-at="2018-09-13T12:37:37Z">
          <reporter-output>
          </reporter-output>
        </test-method> <!-- invoke -->
      </class> <!-- Job1 -->
    </test> <!-- Test -->
  </suite> <!-- Suite -->
</testng-results>
